# JRE version: Java(TM) SE Runtime Environment (24.0+36) (build 24+36-3646)
# Java VM: Java HotSpot(TM) 64-Bit Server VM (24+36-3646, mixed mode, sharing, tiered, compressed oops, compressed class ptrs, g1 gc, windows-amd64)
GC Precious Log:
 CardTable entry size: 512
 Card Set container configuration: InlinePtr #cards 5 size 8 Array Of Cards #cards 10 size 36 Howl #buckets 4 coarsen threshold 1843 Howl Bitmap #cards 512 size 80 coarsen threshold 460 Card regions per heap region 1 cards per card region 2048
 CPUs: 8 total, 8 available
 Memory: 5965M
 Large Page Support: Disabled
 NUMA Support: Disabled
 Compressed Oops: Enabled (32-bit)
 Heap Region Size: 1M
 Heap Min Capacity: 8M
 Heap Initial Capacity: 94M
 Heap Max Capacity: 1492M
 Pre-touch: Disabled
 Parallel Workers: 8
 Concurrent Workers: 2
 Concurrent Refinement Workers: 8
 Periodic GC: Disabled
Heap:
 garbage-first heap   total reserved 1527808K, committed 70656K, used 43760K [0x00000000a2c00000, 0x0000000100000000)
  region size 1024K, 19 young (19456K), 2 survivors (2048K)
 Metaspace       used 49744K, committed 50304K, reserved 1114112K
  class space    used 5231K, committed 5504K, reserved 1048576K
GC Heap History (20 events):
Event: 8.433 GC heap before
{Heap before GC invocations=4 (full 0):
 garbage-first heap   total reserved 1527808K, committed 61440K, used 59777K [0x00000000a2c00000, 0x0000000100000000)
  region size 1024K, 46 young (47104K), 4 survivors (4096K)
 Metaspace       used 27001K, committed 27328K, reserved 1114112K
  class space    used 2805K, committed 2944K, reserved 1048576K
}
Event: 8.451 GC heap after
{Heap after GC invocations=5 (full 0):
 garbage-first heap   total reserved 1527808K, committed 70656K, used 21082K [0x00000000a2c00000, 0x0000000100000000)
  region size 1024K, 6 young (6144K), 6 survivors (6144K)
 Metaspace       used 27001K, committed 27328K, reserved 1114112K
  class space    used 2805K, committed 2944K, reserved 1048576K
}
Event: 10.962 GC heap before
{Heap before GC invocations=5 (full 0):
 garbage-first heap   total reserved 1527808K, committed 70656K, used 52826K [0x00000000a2c00000, 0x0000000100000000)
  region size 1024K, 36 young (36864K), 6 survivors (6144K)
 Metaspace       used 32180K, committed 32576K, reserved 1114112K
  class space    used 3422K, committed 3584K, reserved 1048576K
}
Event: 10.973 GC heap after
{Heap after GC invocations=6 (full 0):
 garbage-first heap   total reserved 1527808K, committed 70656K, used 23945K [0x00000000a2c00000, 0x0000000100000000)
  region size 1024K, 4 young (4096K), 4 survivors (4096K)
 Metaspace       used 32180K, committed 32576K, reserved 1114112K
  class space    used 3422K, committed 3584K, reserved 1048576K
}
Event: 12.520 GC heap before
{Heap before GC invocations=6 (full 0):
 garbage-first heap   total reserved 1527808K, committed 70656K, used 43401K [0x00000000a2c00000, 0x0000000100000000)
  region size 1024K, 24 young (24576K), 4 survivors (4096K)
 Metaspace       used 35658K, committed 36096K, reserved 1114112K
  class space    used 3905K, committed 4096K, reserved 1048576K
}
Event: 12.526 GC heap after
{Heap after GC invocations=7 (full 0):
 garbage-first heap   total reserved 1527808K, committed 70656K, used 25953K [0x00000000a2c00000, 0x0000000100000000)
  region size 1024K, 3 young (3072K), 3 survivors (3072K)
 Metaspace       used 35658K, committed 36096K, reserved 1114112K
  class space    used 3905K, committed 4096K, reserved 1048576K
}
Event: 14.871 GC heap before
{Heap before GC invocations=8 (full 0):
 garbage-first heap   total reserved 1527808K, committed 70656K, used 54625K [0x00000000a2c00000, 0x0000000100000000)
  region size 1024K, 32 young (32768K), 3 survivors (3072K)
 Metaspace       used 40436K, committed 40960K, reserved 1114112K
  class space    used 4454K, committed 4672K, reserved 1048576K
}
Event: 14.880 GC heap after
{Heap after GC invocations=9 (full 0):
 garbage-first heap   total reserved 1527808K, committed 70656K, used 29822K [0x00000000a2c00000, 0x0000000100000000)
  region size 1024K, 4 young (4096K), 4 survivors (4096K)
 Metaspace       used 40436K, committed 40960K, reserved 1114112K
  class space    used 4454K, committed 4672K, reserved 1048576K
}
Event: 56.094 GC heap before
{Heap before GC invocations=9 (full 0):
 garbage-first heap   total reserved 1527808K, committed 70656K, used 56446K [0x00000000a2c00000, 0x0000000100000000)
  region size 1024K, 31 young (31744K), 4 survivors (4096K)
 Metaspace       used 45346K, committed 45888K, reserved 1114112K
  class space    used 5054K, committed 5312K, reserved 1048576K
}
Event: 56.132 GC heap after
{Heap after GC invocations=10 (full 0):
 garbage-first heap   total reserved 1527808K, committed 70656K, used 32383K [0x00000000a2c00000, 0x0000000100000000)
  region size 1024K, 4 young (4096K), 4 survivors (4096K)
 Metaspace       used 45346K, committed 45888K, reserved 1114112K
  class space    used 5054K, committed 5312K, reserved 1048576K
}
Event: 1283.347 GC heap before
{Heap before GC invocations=10 (full 0):
 garbage-first heap   total reserved 1527808K, committed 70656K, used 56959K [0x00000000a2c00000, 0x0000000100000000)
  region size 1024K, 29 young (29696K), 4 survivors (4096K)
 Metaspace       used 47748K, committed 48320K, reserved 1114112K
  class space    used 5257K, committed 5504K, reserved 1048576K
}
Event: 1283.451 GC heap after
{Heap after GC invocations=11 (full 0):
 garbage-first heap   total reserved 1527808K, committed 70656K, used 33557K [0x00000000a2c00000, 0x0000000100000000)
  region size 1024K, 2 young (2048K), 2 survivors (2048K)
 Metaspace       used 47748K, committed 48320K, reserved 1114112K
  class space    used 5257K, committed 5504K, reserved 1048576K
}
Event: 5753.275 GC heap before
{Heap before GC invocations=11 (full 0):
 garbage-first heap   total reserved 1527808K, committed 70656K, used 60181K [0x00000000a2c00000, 0x0000000100000000)
  region size 1024K, 28 young (28672K), 2 survivors (2048K)
 Metaspace       used 48505K, committed 49088K, reserved 1114112K
  class space    used 5265K, committed 5504K, reserved 1048576K
}
Event: 5753.422 GC heap after
{Heap after GC invocations=12 (full 0):
 garbage-first heap   total reserved 1527808K, committed 70656K, used 33519K [0x00000000a2c00000, 0x0000000100000000)
  region size 1024K, 2 young (2048K), 2 survivors (2048K)
 Metaspace       used 48505K, committed 49088K, reserved 1114112K
  class space    used 5265K, committed 5504K, reserved 1048576K
}
Event: 13798.213 GC heap before
{Heap before GC invocations=13 (full 0):
 garbage-first heap   total reserved 1527808K, committed 70656K, used 61167K [0x00000000a2c00000, 0x0000000100000000)
  region size 1024K, 29 young (29696K), 2 survivors (2048K)
 Metaspace       used 48993K, committed 49536K, reserved 1114112K
  class space    used 5218K, committed 5504K, reserved 1048576K
}
Event: 13798.285 GC heap after
{Heap after GC invocations=14 (full 0):
 garbage-first heap   total reserved 1527808K, committed 70656K, used 33473K [0x00000000a2c00000, 0x0000000100000000)
  region size 1024K, 2 young (2048K), 2 survivors (2048K)
 Metaspace       used 48993K, committed 49536K, reserved 1114112K
  class space    used 5218K, committed 5504K, reserved 1048576K
}
Event: 14494.515 GC heap before
{Heap before GC invocations=14 (full 0):
 garbage-first heap   total reserved 1527808K, committed 70656K, used 62145K [0x00000000a2c00000, 0x0000000100000000)
  region size 1024K, 30 young (30720K), 2 survivors (2048K)
 Metaspace       used 49288K, committed 49856K, reserved 1114112K
  class space    used 5219K, committed 5504K, reserved 1048576K
}
Event: 14494.814 GC heap after
{Heap after GC invocations=15 (full 0):
 garbage-first heap   total reserved 1527808K, committed 70656K, used 28559K [0x00000000a2c00000, 0x0000000100000000)
  region size 1024K, 1 young (1024K), 1 survivors (1024K)
 Metaspace       used 49288K, committed 49856K, reserved 1114112K
  class space    used 5219K, committed 5504K, reserved 1048576K
}
Event: 15317.171 GC heap before
{Heap before GC invocations=15 (full 0):
 garbage-first heap   total reserved 1527808K, committed 70656K, used 62351K [0x00000000a2c00000, 0x0000000100000000)
  region size 1024K, 35 young (35840K), 1 survivors (1024K)
 Metaspace       used 49506K, committed 50112K, reserved 1114112K
  class space    used 5222K, committed 5504K, reserved 1048576K
}
Event: 15317.247 GC heap after
{Heap after GC invocations=16 (full 0):
 garbage-first heap   total reserved 1527808K, committed 70656K, used 27376K [0x00000000a2c00000, 0x0000000100000000)
  region size 1024K, 2 young (2048K), 2 survivors (2048K)
 Metaspace       used 49506K, committed 50112K, reserved 1114112K
  class space    used 5222K, committed 5504K, reserved 1048576K
}

