# JRE version: Java(TM) SE Runtime Environment (24.0+36) (build 24+36-3646)
# Java VM: Java HotSpot(TM) 64-Bit Server VM (24+36-3646, mixed mode, sharing, tiered, compressed oops, compressed class ptrs, g1 gc, windows-amd64)
GC Precious Log:
 CardTable entry size: 512
 Card Set container configuration: InlinePtr #cards 5 size 8 Array Of Cards #cards 10 size 36 Howl #buckets 4 coarsen threshold 1843 Howl Bitmap #cards 512 size 80 coarsen threshold 460 Card regions per heap region 1 cards per card region 2048
 CPUs: 8 total, 8 available
 Memory: 5965M
 Large Page Support: Disabled
 NUMA Support: Disabled
 Compressed Oops: Enabled (32-bit)
 Heap Region Size: 1M
 Heap Min Capacity: 8M
 Heap Initial Capacity: 94M
 Heap Max Capacity: 1492M
 Pre-touch: Disabled
 Parallel Workers: 8
 Concurrent Workers: 2
 Concurrent Refinement Workers: 8
 Periodic GC: Disabled
Heap:
 garbage-first heap   total reserved 1527808K, committed 75776K, used 52660K [0x00000000a2c00000, 0x0000000100000000)
  region size 1024K, 12 young (12288K), 3 survivors (3072K)
 Metaspace       used 79788K, committed 80512K, reserved 1179648K
  class space    used 8585K, committed 8960K, reserved 1048576K
GC Heap History (20 events):
Event: 13.248 GC heap before
{Heap before GC invocations=6 (full 0):
 garbage-first heap   total reserved 1527808K, committed 71680K, used 55174K [0x00000000a2c00000, 0x0000000100000000)
  region size 1024K, 32 young (32768K), 3 survivors (3072K)
 Metaspace       used 35550K, committed 35968K, reserved 1114112K
  class space    used 3763K, committed 3968K, reserved 1048576K
}
Event: 13.260 GC heap after
{Heap after GC invocations=7 (full 0):
 garbage-first heap   total reserved 1527808K, committed 71680K, used 27874K [0x00000000a2c00000, 0x0000000100000000)
  region size 1024K, 4 young (4096K), 4 survivors (4096K)
 Metaspace       used 35550K, committed 35968K, reserved 1114112K
  class space    used 3763K, committed 3968K, reserved 1048576K
}
Event: 15.286 GC heap before
{Heap before GC invocations=8 (full 0):
 garbage-first heap   total reserved 1527808K, committed 71680K, used 57570K [0x00000000a2c00000, 0x0000000100000000)
  region size 1024K, 33 young (33792K), 4 survivors (4096K)
 Metaspace       used 42596K, committed 43072K, reserved 1114112K
  class space    used 4576K, committed 4800K, reserved 1048576K
}
Event: 15.293 GC heap after
{Heap after GC invocations=9 (full 0):
 garbage-first heap   total reserved 1527808K, committed 71680K, used 30487K [0x00000000a2c00000, 0x0000000100000000)
  region size 1024K, 5 young (5120K), 5 survivors (5120K)
 Metaspace       used 42596K, committed 43072K, reserved 1114112K
  class space    used 4576K, committed 4800K, reserved 1048576K
}
Event: 16.960 GC heap before
{Heap before GC invocations=9 (full 0):
 garbage-first heap   total reserved 1527808K, committed 71680K, used 58135K [0x00000000a2c00000, 0x0000000100000000)
  region size 1024K, 33 young (33792K), 5 survivors (5120K)
 Metaspace       used 51796K, committed 52288K, reserved 1114112K
  class space    used 5404K, committed 5632K, reserved 1048576K
}
Event: 16.967 GC heap after
{Heap after GC invocations=10 (full 0):
 garbage-first heap   total reserved 1527808K, committed 71680K, used 32657K [0x00000000a2c00000, 0x0000000100000000)
  region size 1024K, 5 young (5120K), 5 survivors (5120K)
 Metaspace       used 51796K, committed 52288K, reserved 1114112K
  class space    used 5404K, committed 5632K, reserved 1048576K
}
Event: 17.953 GC heap before
{Heap before GC invocations=10 (full 0):
 garbage-first heap   total reserved 1527808K, committed 71680K, used 54161K [0x00000000a2c00000, 0x0000000100000000)
  region size 1024K, 27 young (27648K), 5 survivors (5120K)
 Metaspace       used 59618K, committed 60096K, reserved 1114112K
  class space    used 6386K, committed 6592K, reserved 1048576K
}
Event: 17.959 GC heap after
{Heap after GC invocations=11 (full 0):
 garbage-first heap   total reserved 1527808K, committed 71680K, used 33263K [0x00000000a2c00000, 0x0000000100000000)
  region size 1024K, 2 young (2048K), 2 survivors (2048K)
 Metaspace       used 59618K, committed 60096K, reserved 1114112K
  class space    used 6386K, committed 6592K, reserved 1048576K
}
Event: 19.056 GC heap before
{Heap before GC invocations=12 (full 0):
 garbage-first heap   total reserved 1527808K, committed 71680K, used 61935K [0x00000000a2c00000, 0x0000000100000000)
  region size 1024K, 30 young (30720K), 2 survivors (2048K)
 Metaspace       used 63660K, committed 64128K, reserved 1114112K
  class space    used 6896K, committed 7104K, reserved 1048576K
}
Event: 19.061 GC heap after
{Heap after GC invocations=13 (full 0):
 garbage-first heap   total reserved 1527808K, committed 71680K, used 35690K [0x00000000a2c00000, 0x0000000100000000)
  region size 1024K, 4 young (4096K), 4 survivors (4096K)
 Metaspace       used 63660K, committed 64128K, reserved 1114112K
  class space    used 6896K, committed 7104K, reserved 1048576K
}
Event: 20.169 GC heap before
{Heap before GC invocations=13 (full 0):
 garbage-first heap   total reserved 1527808K, committed 71680K, used 62314K [0x00000000a2c00000, 0x0000000100000000)
  region size 1024K, 30 young (30720K), 4 survivors (4096K)
 Metaspace       used 66503K, committed 67008K, reserved 1114112K
  class space    used 7214K, committed 7424K, reserved 1048576K
}
Event: 20.177 GC heap after
{Heap after GC invocations=14 (full 0):
 garbage-first heap   total reserved 1527808K, committed 71680K, used 38330K [0x00000000a2c00000, 0x0000000100000000)
  region size 1024K, 4 young (4096K), 4 survivors (4096K)
 Metaspace       used 66503K, committed 67008K, reserved 1114112K
  class space    used 7214K, committed 7424K, reserved 1048576K
}
Event: 25.368 GC heap before
{Heap before GC invocations=14 (full 0):
 garbage-first heap   total reserved 1527808K, committed 71680K, used 61882K [0x00000000a2c00000, 0x0000000100000000)
  region size 1024K, 27 young (27648K), 4 survivors (4096K)
 Metaspace       used 70179K, committed 70784K, reserved 1114112K
  class space    used 7645K, committed 7872K, reserved 1048576K
}
Event: 25.375 GC heap after
{Heap after GC invocations=15 (full 0):
 garbage-first heap   total reserved 1527808K, committed 71680K, used 40227K [0x00000000a2c00000, 0x0000000100000000)
  region size 1024K, 3 young (3072K), 3 survivors (3072K)
 Metaspace       used 70179K, committed 70784K, reserved 1114112K
  class space    used 7645K, committed 7872K, reserved 1048576K
}
Event: 141.676 GC heap before
{Heap before GC invocations=16 (full 0):
 garbage-first heap   total reserved 1527808K, committed 71680K, used 62755K [0x00000000a2c00000, 0x0000000100000000)
  region size 1024K, 26 young (26624K), 3 survivors (3072K)
 Metaspace       used 73719K, committed 74368K, reserved 1179648K
  class space    used 8077K, committed 8320K, reserved 1048576K
}
Event: 141.765 GC heap after
{Heap after GC invocations=17 (full 0):
 garbage-first heap   total reserved 1527808K, committed 71680K, used 43757K [0x00000000a2c00000, 0x0000000100000000)
  region size 1024K, 4 young (4096K), 4 survivors (4096K)
 Metaspace       used 73719K, committed 74368K, reserved 1179648K
  class space    used 8077K, committed 8320K, reserved 1048576K
}
Event: 145.149 GC heap before
{Heap before GC invocations=17 (full 0):
 garbage-first heap   total reserved 1527808K, committed 71680K, used 61165K [0x00000000a2c00000, 0x0000000100000000)
  region size 1024K, 22 young (22528K), 4 survivors (4096K)
 Metaspace       used 78122K, committed 78848K, reserved 1179648K
  class space    used 8547K, committed 8896K, reserved 1048576K
}
Event: 145.170 GC heap after
{Heap after GC invocations=18 (full 0):
 garbage-first heap   total reserved 1527808K, committed 71680K, used 44972K [0x00000000a2c00000, 0x0000000100000000)
  region size 1024K, 2 young (2048K), 2 survivors (2048K)
 Metaspace       used 78122K, committed 78848K, reserved 1179648K
  class space    used 8547K, committed 8896K, reserved 1048576K
}
Event: 3639.210 GC heap before
{Heap before GC invocations=18 (full 0):
 garbage-first heap   total reserved 1527808K, committed 71680K, used 64428K [0x00000000a2c00000, 0x0000000100000000)
  region size 1024K, 22 young (22528K), 2 survivors (2048K)
 Metaspace       used 79733K, committed 80448K, reserved 1179648K
  class space    used 8637K, committed 8960K, reserved 1048576K
}
Event: 3639.301 GC heap after
{Heap after GC invocations=19 (full 0):
 garbage-first heap   total reserved 1527808K, committed 71680K, used 45492K [0x00000000a2c00000, 0x0000000100000000)
  region size 1024K, 3 young (3072K), 3 survivors (3072K)
 Metaspace       used 79733K, committed 80448K, reserved 1179648K
  class space    used 8637K, committed 8960K, reserved 1048576K
}

