# JRE version: Java(TM) SE Runtime Environment (24.0+36) (build 24+36-3646)
# Java VM: Java HotSpot(TM) 64-Bit Server VM (24+36-3646, mixed mode, sharing, tiered, compressed oops, compressed class ptrs, g1 gc, windows-amd64)
GC Precious Log:
 CardTable entry size: 512
 Card Set container configuration: InlinePtr #cards 5 size 8 Array Of Cards #cards 10 size 36 Howl #buckets 4 coarsen threshold 1843 Howl Bitmap #cards 512 size 80 coarsen threshold 460 Card regions per heap region 1 cards per card region 2048
 CPUs: 8 total, 8 available
 Memory: 5965M
 Large Page Support: Disabled
 NUMA Support: Disabled
 Compressed Oops: Enabled (32-bit)
 Heap Region Size: 1M
 Heap Min Capacity: 8M
 Heap Initial Capacity: 94M
 Heap Max Capacity: 1492M
 Pre-touch: Disabled
 Parallel Workers: 8
 Concurrent Workers: 2
 Concurrent Refinement Workers: 8
 Periodic GC: Disabled
Heap:
 garbage-first heap   total reserved 1527808K, committed 71680K, used 51531K [0x00000000a2c00000, 0x0000000100000000)
  region size 1024K, 19 young (19456K), 2 survivors (2048K)
 Metaspace       used 60542K, committed 61056K, reserved 1114112K
  class space    used 6591K, committed 6784K, reserved 1048576K
GC Heap History (20 events):
Event: 685.039 GC heap before
{Heap before GC invocations=14 (full 0):
 garbage-first heap   total reserved 1527808K, committed 71680K, used 63166K [0x00000000a2c00000, 0x0000000100000000)
  region size 1024K, 25 young (25600K), 3 survivors (3072K)
 Metaspace       used 56663K, committed 57280K, reserved 1114112K
  class space    used 6301K, committed 6592K, reserved 1048576K
}
Event: 685.225 GC heap after
{Heap after GC invocations=15 (full 0):
 garbage-first heap   total reserved 1527808K, committed 71680K, used 42579K [0x00000000a2c00000, 0x0000000100000000)
  region size 1024K, 3 young (3072K), 3 survivors (3072K)
 Metaspace       used 56663K, committed 57280K, reserved 1114112K
  class space    used 6301K, committed 6592K, reserved 1048576K
}
Event: 1703.563 GC heap before
{Heap before GC invocations=15 (full 0):
 garbage-first heap   total reserved 1527808K, committed 71680K, used 63059K [0x00000000a2c00000, 0x0000000100000000)
  region size 1024K, 23 young (23552K), 3 survivors (3072K)
 Metaspace       used 57559K, committed 58176K, reserved 1114112K
  class space    used 6312K, committed 6592K, reserved 1048576K
}
Event: 1703.628 GC heap after
{Heap after GC invocations=16 (full 0):
 garbage-first heap   total reserved 1527808K, committed 71680K, used 42041K [0x00000000a2c00000, 0x0000000100000000)
  region size 1024K, 1 young (1024K), 1 survivors (1024K)
 Metaspace       used 57559K, committed 58176K, reserved 1114112K
  class space    used 6312K, committed 6592K, reserved 1048576K
}
Event: 2637.654 GC heap before
{Heap before GC invocations=16 (full 0):
 garbage-first heap   total reserved 1527808K, committed 71680K, used 64569K [0x00000000a2c00000, 0x0000000100000000)
  region size 1024K, 23 young (23552K), 1 survivors (1024K)
 Metaspace       used 58139K, committed 58816K, reserved 1114112K
  class space    used 6313K, committed 6592K, reserved 1048576K
}
Event: 2638.259 GC heap after
{Heap after GC invocations=17 (full 0):
 garbage-first heap   total reserved 1527808K, committed 71680K, used 42005K [0x00000000a2c00000, 0x0000000100000000)
  region size 1024K, 1 young (1024K), 1 survivors (1024K)
 Metaspace       used 58139K, committed 58816K, reserved 1114112K
  class space    used 6313K, committed 6592K, reserved 1048576K
}
Event: 3500.482 GC heap before
{Heap before GC invocations=18 (full 0):
 garbage-first heap   total reserved 1527808K, committed 71680K, used 64533K [0x00000000a2c00000, 0x0000000100000000)
  region size 1024K, 24 young (24576K), 1 survivors (1024K)
 Metaspace       used 58232K, committed 58880K, reserved 1114112K
  class space    used 6277K, committed 6592K, reserved 1048576K
}
Event: 3500.556 GC heap after
{Heap after GC invocations=19 (full 0):
 garbage-first heap   total reserved 1527808K, committed 71680K, used 42280K [0x00000000a2c00000, 0x0000000100000000)
  region size 1024K, 1 young (1024K), 1 survivors (1024K)
 Metaspace       used 58232K, committed 58880K, reserved 1114112K
  class space    used 6277K, committed 6592K, reserved 1048576K
}
Event: 4042.260 GC heap before
{Heap before GC invocations=19 (full 0):
 garbage-first heap   total reserved 1527808K, committed 71680K, used 65832K [0x00000000a2c00000, 0x0000000100000000)
  region size 1024K, 24 young (24576K), 1 survivors (1024K)
 Metaspace       used 60366K, committed 60864K, reserved 1114112K
  class space    used 6584K, committed 6784K, reserved 1048576K
}
Event: 4042.355 GC heap after
{Heap after GC invocations=20 (full 0):
 garbage-first heap   total reserved 1527808K, committed 71680K, used 39303K [0x00000000a2c00000, 0x0000000100000000)
  region size 1024K, 2 young (2048K), 2 survivors (2048K)
 Metaspace       used 60366K, committed 60864K, reserved 1114112K
  class space    used 6584K, committed 6784K, reserved 1048576K
}
Event: 4888.693 GC heap before
{Heap before GC invocations=20 (full 0):
 garbage-first heap   total reserved 1527808K, committed 71680K, used 63879K [0x00000000a2c00000, 0x0000000100000000)
  region size 1024K, 27 young (27648K), 2 survivors (2048K)
 Metaspace       used 60386K, committed 60864K, reserved 1114112K
  class space    used 6585K, committed 6784K, reserved 1048576K
}
Event: 4888.858 GC heap after
{Heap after GC invocations=21 (full 0):
 garbage-first heap   total reserved 1527808K, committed 71680K, used 36842K [0x00000000a2c00000, 0x0000000100000000)
  region size 1024K, 2 young (2048K), 2 survivors (2048K)
 Metaspace       used 60386K, committed 60864K, reserved 1114112K
  class space    used 6585K, committed 6784K, reserved 1048576K
}
Event: 5895.462 GC heap before
{Heap before GC invocations=21 (full 0):
 garbage-first heap   total reserved 1527808K, committed 71680K, used 64490K [0x00000000a2c00000, 0x0000000100000000)
  region size 1024K, 29 young (29696K), 2 survivors (2048K)
 Metaspace       used 60417K, committed 60928K, reserved 1114112K
  class space    used 6585K, committed 6784K, reserved 1048576K
}
Event: 5895.574 GC heap after
{Heap after GC invocations=22 (full 0):
 garbage-first heap   total reserved 1527808K, committed 71680K, used 36066K [0x00000000a2c00000, 0x0000000100000000)
  region size 1024K, 2 young (2048K), 2 survivors (2048K)
 Metaspace       used 60417K, committed 60928K, reserved 1114112K
  class space    used 6585K, committed 6784K, reserved 1048576K
}
Event: 10379.301 GC heap before
{Heap before GC invocations=22 (full 0):
 garbage-first heap   total reserved 1527808K, committed 71680K, used 64738K [0x00000000a2c00000, 0x0000000100000000)
  region size 1024K, 30 young (30720K), 2 survivors (2048K)
 Metaspace       used 60465K, committed 60992K, reserved 1114112K
  class space    used 6585K, committed 6784K, reserved 1048576K
}
Event: 10379.419 GC heap after
{Heap after GC invocations=23 (full 0):
 garbage-first heap   total reserved 1527808K, committed 71680K, used 36059K [0x00000000a2c00000, 0x0000000100000000)
  region size 1024K, 2 young (2048K), 2 survivors (2048K)
 Metaspace       used 60465K, committed 60992K, reserved 1114112K
  class space    used 6585K, committed 6784K, reserved 1048576K
}
Event: 11441.493 GC heap before
{Heap before GC invocations=24 (full 0):
 garbage-first heap   total reserved 1527808K, committed 71680K, used 64731K [0x00000000a2c00000, 0x0000000100000000)
  region size 1024K, 30 young (30720K), 2 survivors (2048K)
 Metaspace       used 60500K, committed 60992K, reserved 1114112K
  class space    used 6586K, committed 6784K, reserved 1048576K
}
Event: 11441.570 GC heap after
{Heap after GC invocations=25 (full 0):
 garbage-first heap   total reserved 1527808K, committed 71680K, used 36338K [0x00000000a2c00000, 0x0000000100000000)
  region size 1024K, 2 young (2048K), 2 survivors (2048K)
 Metaspace       used 60500K, committed 60992K, reserved 1114112K
  class space    used 6586K, committed 6784K, reserved 1048576K
}
Event: 12927.822 GC heap before
{Heap before GC invocations=25 (full 0):
 garbage-first heap   total reserved 1527808K, committed 71680K, used 63986K [0x00000000a2c00000, 0x0000000100000000)
  region size 1024K, 30 young (30720K), 2 survivors (2048K)
 Metaspace       used 60524K, committed 61056K, reserved 1114112K
  class space    used 6591K, committed 6784K, reserved 1048576K
}
Event: 12927.905 GC heap after
{Heap after GC invocations=26 (full 0):
 garbage-first heap   total reserved 1527808K, committed 71680K, used 35147K [0x00000000a2c00000, 0x0000000100000000)
  region size 1024K, 2 young (2048K), 2 survivors (2048K)
 Metaspace       used 60524K, committed 61056K, reserved 1114112K
  class space    used 6591K, committed 6784K, reserved 1048576K
}

